<?xml version="1.0" encoding="UTF-8"?>
<!-- Generated by org.testng.reporters.JUnitReportReporter -->
<testsuite skipped="0" hostname="DEL-NGIRDHAR-LT" name="org.testing.testScript.TC8" tests="1" failures="0" timestamp="09 Dec 2020 10:03:25 GMT" time="28.713" errors="0">
  <testcase name="flyingbeast" time="28.713" classname="org.testing.testScript.TC8"/>
</testsuite> <!-- org.testing.testScript.TC8 -->
