<?xml version="1.0" encoding="UTF-8"?>
<!-- Generated by org.testng.reporters.JUnitReportReporter -->
<testsuite skipped="0" hostname="DEL-NGIRDHAR-LT" name="org.testing.testScript.TC5" tests="1" failures="0" timestamp="09 Dec 2020 16:09:16 GMT" time="34.612" errors="0">
  <testcase name="history" time="34.612" classname="org.testing.testScript.TC5"/>
</testsuite> <!-- org.testing.testScript.TC5 -->
