<?xml version="1.0" encoding="UTF-8"?>
<!-- Generated by org.testng.reporters.JUnitReportReporter -->
<testsuite skipped="0" hostname="DEL-NGIRDHAR-LT" name="org.testing.testScript.TC4" tests="1" failures="0" timestamp="09 Dec 2020 17:07:40 GMT" time="39.990" errors="0">
  <testcase name="history" time="39.990" classname="org.testing.testScript.TC4"/>
</testsuite> <!-- org.testing.testScript.TC4 -->
