<?xml version="1.0" encoding="UTF-8"?>
<!-- Generated by org.testng.reporters.JUnitReportReporter -->
<testsuite skipped="0" hostname="DEL-NGIRDHAR-LT" name="org.testing.testScript.TC6" tests="1" failures="0" timestamp="09 Dec 2020 16:20:43 GMT" time="40.193" errors="0">
  <testcase name="history" time="40.193" classname="org.testing.testScript.TC6"/>
</testsuite> <!-- org.testing.testScript.TC6 -->
